<?xml version="1.0" encoding="UTF-8"?>
<robot generator="Robot 6.1.1 (Python 3.8.10 on win32)" generated="20231020 21:58:17.780" rpa="false" schemaversion="4">
<suite id="s1" name="Test Device Library Android" source="c:\Users\john\Documents\Projects\Github\xtester_robot\robotframework-airtest\tests\test_device_library_android.robot">
<test id="s1-t1" name="shell命令" line="70">
<kw name="初始化用例" type="SETUP">
<kw name="连接设备" library="robotframework_airtest.device.DeviceLibrary">
<arg>android:///</arg>
<doc>如果传入了 _device_uri参数那么就会在这一次连接设备覆盖掉DeviceLibrary初始化时的默认参数。</doc>
<status status="PASS" starttime="20231020 21:58:17.925" endtime="20231020 21:58:21.061"/>
</kw>
<status status="PASS" starttime="20231020 21:58:17.925" endtime="20231020 21:58:21.061"/>
</kw>
<kw name="shell命令" library="robotframework_airtest.device.DeviceLibrary">
<var>${结果}</var>
<arg>pm list packages</arg>
<msg timestamp="20231020 21:58:21.132" level="INFO">${结果} = package:com.mediatek.ims
package:com.huawei.hifolder
package:com.android.cts.priv.ctsshim
package:com.huawei.camera
package:com.huawei.camerakit.impl
package:com.huawei.synergy
package:com.huawe...</msg>
<status status="PASS" starttime="20231020 21:58:21.061" endtime="20231020 21:58:21.133"/>
</kw>
<kw name="Should Not Be Empty" library="BuiltIn">
<arg>${结果}</arg>
<arg>msg=${结果}</arg>
<doc>Verifies that the given item is not empty.</doc>
<msg timestamp="20231020 21:58:21.134" level="INFO">Length is 7468</msg>
<status status="PASS" starttime="20231020 21:58:21.133" endtime="20231020 21:58:21.134"/>
</kw>
<kw name="断开设备" library="robotframework_airtest.device.DeviceLibrary" type="TEARDOWN">
<status status="PASS" starttime="20231020 21:58:21.134" endtime="20231020 21:58:21.134"/>
</kw>
<status status="PASS" starttime="20231020 21:58:17.924" endtime="20231020 21:58:21.135"/>
</test>
<status status="PASS" starttime="20231020 21:58:17.782" endtime="20231020 21:58:21.135"/>
</suite>
<statistics>
<total>
<stat pass="1" fail="0" skip="0">All Tests</stat>
</total>
<tag>
</tag>
<suite>
<stat pass="1" fail="0" skip="0" id="s1" name="Test Device Library Android">Test Device Library Android</stat>
</suite>
</statistics>
<errors>
</errors>
</robot>
